#
# There is insufficient memory for the Java Runtime Environment to continue.
# Native memory allocation (mmap) failed to map 699924480 bytes for committing reserved memory.
# Possible reasons:
#   The system is out of physical RAM or swap space
#   In 32 bit mode, the process size limit was hit
# Possible solutions:
#   Reduce memory load on the system
#   Increase physical memory or swap space
#   Check if swap backing store is full
#   Use 64 bit Java on a 64 bit OS
#   Decrease Java heap size (-Xmx/-Xms)
#   Decrease number of Java threads
#   Decrease Java thread stack sizes (-Xss)
#   Set larger code cache with -XX:ReservedCodeCacheSize=
# This output file may be truncated or incomplete.
#
#  Out of Memory Error (os_linux.cpp:2643), pid=25533, tid=0x00007faa30765700
#
# JRE version: OpenJDK Runtime Environment (8.0_131-b11) (build 1.8.0_131-8u131-b11-2ubuntu1.16.04.3-b11)
# Java VM: OpenJDK 64-Bit Server VM (25.131-b11 mixed mode linux-amd64 compressed oops)
# Failed to write core dump. Core dumps have been disabled. To enable core dumping, try "ulimit -c unlimited" before starting Java again
#

---------------  T H R E A D  ---------------

Current thread (0x00007faa44088000):  VMThread [stack: 0x00007faa30665000,0x00007faa30766000] [id=25558]

Stack: [0x00007faa30665000,0x00007faa30766000],  sp=0x00007faa30764480,  free space=1021k
Native frames: (J=compiled Java code, j=interpreted, Vv=VM code, C=native code)
V  [libjvm.so+0xa6a1bb]
V  [libjvm.so+0x4c5a6c]
V  [libjvm.so+0x8b85a0]
V  [libjvm.so+0x8b2a1e]
V  [libjvm.so+0x92d556]
V  [libjvm.so+0x91cbba]
V  [libjvm.so+0x91cdc3]
V  [libjvm.so+0x91d728]
V  [libjvm.so+0x9239ee]
V  [libjvm.so+0x92b3bd]
V  [libjvm.so+0x8dd093]
V  [libjvm.so+0xa6be72]
V  [libjvm.so+0xa70f57]
V  [libjvm.so+0xa6e727]
V  [libjvm.so+0xa6fbaf]
V  [libjvm.so+0xa700a1]
V  [libjvm.so+0x8b5a82]

VM_Operation (0x00007faa4bc5d660): ParallelGCFailedAllocation, mode: safepoint, requested by thread 0x00007faa44012800


---------------  P R O C E S S  ---------------

Java Threads: ( => current thread )
  0x00007faa44837000 JavaThread "Character reading thread" [_thread_blocked, id=25576, stack(0x00007fa9ef395000,0x00007fa9ef496000)]
  0x00007faa440df000 JavaThread "Service Thread" daemon [_thread_blocked, id=25573, stack(0x00007fa9efbfc000,0x00007fa9efcfd000)]
  0x00007faa440d9800 JavaThread "C1 CompilerThread3" daemon [_thread_blocked, id=25572, stack(0x00007fa9efcfd000,0x00007fa9efdfe000)]
  0x00007faa440d7000 JavaThread "C2 CompilerThread2" daemon [_thread_blocked, id=25571, stack(0x00007fa9efdfe000,0x00007fa9efeff000)]
  0x00007faa440d5800 JavaThread "C2 CompilerThread1" daemon [_thread_blocked, id=25570, stack(0x00007fa9efeff000,0x00007fa9f0000000)]
  0x00007faa440d2800 JavaThread "C2 CompilerThread0" daemon [_thread_blocked, id=25569, stack(0x00007faa040bd000,0x00007faa041be000)]
  0x00007fa9f0001000 JavaThread "JDWP Command Reader" daemon [_thread_in_native, id=25568, stack(0x00007faa041be000,0x00007faa042bf000)]
  0x00007faa440d0800 JavaThread "JDWP Event Helper Thread" daemon [_thread_blocked, id=25567, stack(0x00007faa042bf000,0x00007faa043c0000)]
  0x00007faa440cd000 JavaThread "JDWP Transport Listener: dt_socket" daemon [_thread_blocked, id=25564, stack(0x00007faa3005c000,0x00007faa3015d000)]
  0x00007faa440bb000 JavaThread "Signal Dispatcher" daemon [_thread_blocked, id=25563, stack(0x00007faa30362000,0x00007faa30463000)]
  0x00007faa44094800 JavaThread "Finalizer" daemon [_thread_blocked, id=25560, stack(0x00007faa30463000,0x00007faa30564000)]
  0x00007faa44090000 JavaThread "Reference Handler" daemon [_thread_blocked, id=25559, stack(0x00007faa30564000,0x00007faa30665000)]
  0x00007faa44012800 JavaThread "main" [_thread_blocked, id=25539, stack(0x00007faa4bb5e000,0x00007faa4bc5f000)]

Other Threads:
=>0x00007faa44088000 VMThread [stack: 0x00007faa30665000,0x00007faa30766000] [id=25558]
  0x00007faa440e1800 WatcherThread [stack: 0x00007fa9efafb000,0x00007fa9efbfc000] [id=25574]

VM state:at safepoint (normal execution)

VM Mutex/Monitor currently owned by a thread:  ([mutex/lock_event])
[0x00007faa4400e770] ExpandHeap_lock - owner thread: 0x00007faa44088000
[0x00007faa4400edf0] Threads_lock - owner thread: 0x00007faa44088000
[0x00007faa4400f2f0] Heap_lock - owner thread: 0x00007faa44012800

Heap:
 PSYoungGen      total 694272K, used 239564K [0x000000076d300000, 0x00000007b3a00000, 0x00000007c0000000)
  eden space 249856K, 0% used [0x000000076d300000,0x000000076d300000,0x000000077c700000)
  from space 444416K, 53% used [0x0000000798800000,0x00000007a71f3300,0x00000007b3a00000)
  to   space 452096K, 0% used [0x000000077c700000,0x000000077c700000,0x0000000798080000)
 ParOldGen       total 1501184K, used 1500858K [0x00000006c7800000, 0x0000000723200000, 0x000000076d300000)
  object space 1501184K, 99% used [0x00000006c7800000,0x00000007231aeb70,0x0000000723200000)
 Metaspace       used 3535K, capacity 4856K, committed 5120K, reserved 1056768K
  class space    used 353K, capacity 424K, committed 512K, reserved 1048576K

Card table byte_map: [0x00007faa34272000,0x00007faa34a37000] byte_map_base: 0x00007faa30c36000

Marking Bits: (ParMarkBitMap*) 0x00007faa4ae3a2c0
 Begin Bits: [0x00007faa043c0000, 0x00007faa081e0000)
 End Bits:   [0x00007faa081e0000, 0x00007faa0c000000)

Polling page: 0x00007faa4bc8d000

CodeCache: size=245760Kb used=2386Kb max_used=2386Kb free=243374Kb
 bounds [0x00007faa34df7000, 0x00007faa35067000, 0x00007faa43df7000]
 total_blobs=592 nmethods=363 adapters=152
 compilation: enabled

Compilation events (10 events):
Event: 11.738 Thread 0x00007faa440d9800 nmethod 358 0x00007faa35048d90 code [0x00007faa35048f20, 0x00007faa35049288]
Event: 11.747 Thread 0x00007faa440d9800  359   !   3       java.util.concurrent.ArrayBlockingQueue::take (46 bytes)
Event: 11.748 Thread 0x00007faa440d9800 nmethod 359 0x00007faa350494d0 code [0x00007faa35049700, 0x00007faa3504a1f8]
Event: 11.760 Thread 0x00007faa440d9800  360       3       com.univocity.parsers.common.input.ExpandingCharAppender::append (60 bytes)
Event: 11.760 Thread 0x00007faa440d9800 nmethod 360 0x00007faa3504a850 code [0x00007faa3504aa20, 0x00007faa3504b138]
Event: 11.769 Thread 0x00007faa440d9800  361   !   3       com.univocity.parsers.common.input.AbstractCharInputReader::updateBuffer (174 bytes)
Event: 11.770 Thread 0x00007faa440d9800 nmethod 361 0x00007faa3504b410 code [0x00007faa3504b620, 0x00007faa3504c0a8]
Event: 11.771 Thread 0x00007faa440d9800  362  s    3       com.univocity.parsers.common.input.concurrent.FixedInstancePool::release (60 bytes)
Event: 11.771 Thread 0x00007faa440d9800 nmethod 362 0x00007faa3504c410 code [0x00007faa3504c5a0, 0x00007faa3504c9e8]
Event: 27.848 Thread 0x00007faa440d9800  364  s!   3       com.univocity.parsers.common.input.concurrent.ConcurrentCharLoader::nextBucket (92 bytes)

GC Heap History (10 events):
Event: 12.106 GC heap after
Heap after GC invocations=12 (full 3):
 PSYoungGen      total 573952K, used 410608K [0x000000076d300000, 0x00000007b0d80000, 0x00000007c0000000)
  eden space 163328K, 0% used [0x000000076d300000,0x000000076d300000,0x0000000777280000)
  from space 410624K, 99% used [0x0000000777280000,0x000000079037c3c0,0x0000000790380000)
  to   space 452096K, 0% used [0x0000000795400000,0x0000000795400000,0x00000007b0d80000)
 ParOldGen       total 955904K, used 793049K [0x00000006c7800000, 0x0000000701d80000, 0x000000076d300000)
  object space 955904K, 82% used [0x00000006c7800000,0x00000006f7e76540,0x0000000701d80000)
 Metaspace       used 3535K, capacity 4856K, committed 5120K, reserved 1056768K
  class space    used 353K, capacity 424K, committed 512K, reserved 1048576K
}
Event: 12.106 GC heap before
{Heap before GC invocations=13 (full 4):
 PSYoungGen      total 573952K, used 410608K [0x000000076d300000, 0x00000007b0d80000, 0x00000007c0000000)
  eden space 163328K, 0% used [0x000000076d300000,0x000000076d300000,0x0000000777280000)
  from space 410624K, 99% used [0x0000000777280000,0x000000079037c3c0,0x0000000790380000)
  to   space 452096K, 0% used [0x0000000795400000,0x0000000795400000,0x00000007b0d80000)
 ParOldGen       total 955904K, used 793049K [0x00000006c7800000, 0x0000000701d80000, 0x000000076d300000)
  object space 955904K, 82% used [0x00000006c7800000,0x00000006f7e76540,0x0000000701d80000)
 Metaspace       used 3535K, capacity 4856K, committed 5120K, reserved 1056768K
  class space    used 353K, capacity 424K, committed 512K, reserved 1048576K
Event: 18.416 GC heap after
Heap after GC invocations=13 (full 4):
 PSYoungGen      total 573952K, used 238301K [0x000000076d300000, 0x00000007b0d80000, 0x00000007c0000000)
  eden space 163328K, 0% used [0x000000076d300000,0x000000076d300000,0x0000000777280000)
  from space 410624K, 58% used [0x0000000777280000,0x0000000785b37638,0x0000000790380000)
  to   space 452096K, 0% used [0x0000000795400000,0x0000000795400000,0x00000007b0d80000)
 ParOldGen       total 1501184K, used 955878K [0x00000006c7800000, 0x0000000723200000, 0x000000076d300000)
  object space 1501184K, 63% used [0x00000006c7800000,0x0000000701d79b28,0x0000000723200000)
 Metaspace       used 3535K, capacity 4856K, committed 5120K, reserved 1056768K
  class space    used 353K, capacity 424K, committed 512K, reserved 1048576K
}
Event: 19.160 GC heap before
{Heap before GC invocations=14 (full 4):
 PSYoungGen      total 573952K, used 401629K [0x000000076d300000, 0x00000007b0d80000, 0x00000007c0000000)
  eden space 163328K, 100% used [0x000000076d300000,0x0000000777280000,0x0000000777280000)
  from space 410624K, 58% used [0x0000000777280000,0x0000000785b37638,0x0000000790380000)
  to   space 452096K, 0% used [0x0000000795400000,0x0000000795400000,0x00000007b0d80000)
 ParOldGen       total 1501184K, used 955878K [0x00000006c7800000, 0x0000000723200000, 0x000000076d300000)
  object space 1501184K, 63% used [0x00000006c7800000,0x0000000701d79b28,0x0000000723200000)
 Metaspace       used 3535K, capacity 4856K, committed 5120K, reserved 1056768K
  class space    used 353K, capacity 424K, committed 512K, reserved 1048576K
Event: 20.222 GC heap after
Heap after GC invocations=14 (full 4):
 PSYoungGen      total 648192K, used 402144K [0x000000076d300000, 0x00000007b0980000, 0x00000007c0000000)
  eden space 200192K, 0% used [0x000000076d300000,0x000000076d300000,0x0000000779680000)
  from space 448000K, 89% used [0x0000000795400000,0x00000007adcb8000,0x00000007b0980000)
  to   space 452096K, 0% used [0x0000000779680000,0x0000000779680000,0x0000000795000000)
 ParOldGen       total 1501184K, used 955878K [0x00000006c7800000, 0x0000000723200000, 0x000000076d300000)
  object space 1501184K, 63% used [0x00000006c7800000,0x0000000701d79b28,0x0000000723200000)
 Metaspace       used 3535K, capacity 4856K, committed 5120K, reserved 1056768K
  class space    used 353K, capacity 424K, committed 512K, reserved 1048576K
}
Event: 20.746 GC heap before
{Heap before GC invocations=15 (full 4):
 PSYoungGen      total 648192K, used 602336K [0x000000076d300000, 0x00000007b0980000, 0x00000007c0000000)
  eden space 200192K, 100% used [0x000000076d300000,0x0000000779680000,0x0000000779680000)
  from space 448000K, 89% used [0x0000000795400000,0x00000007adcb8000,0x00000007b0980000)
  to   space 452096K, 0% used [0x0000000779680000,0x0000000779680000,0x0000000795000000)
 ParOldGen       total 1501184K, used 955878K [0x00000006c7800000, 0x0000000723200000, 0x000000076d300000)
  object space 1501184K, 63% used [0x00000006c7800000,0x0000000701d79b28,0x0000000723200000)
 Metaspace       used 3535K, capacity 4856K, committed 5120K, reserved 1056768K
  class space    used 353K, capacity 424K, committed 512K, reserved 1048576K
Event: 25.442 GC heap after
Heap after GC invocations=15 (full 4):
 PSYoungGen      total 652288K, used 386080K [0x000000076d300000, 0x00000007b4180000, 0x00000007c0000000)
  eden space 200192K, 0% used [0x000000076d300000,0x000000076d300000,0x0000000779680000)
  from space 452096K, 85% used [0x0000000779680000,0x0000000790f88000,0x0000000795000000)
  to   space 452096K, 0% used [0x0000000798800000,0x0000000798800000,0x00000007b4180000)
 ParOldGen       total 1501184K, used 1172974K [0x00000006c7800000, 0x0000000723200000, 0x000000076d300000)
  object space 1501184K, 78% used [0x00000006c7800000,0x000000070f17bb28,0x0000000723200000)
 Metaspace       used 3535K, capacity 4856K, committed 5120K, reserved 1056768K
  class space    used 353K, capacity 424K, committed 512K, reserved 1048576K
}
Event: 27.920 GC heap before
{Heap before GC invocations=16 (full 4):
 PSYoungGen      total 652288K, used 586272K [0x000000076d300000, 0x00000007b4180000, 0x00000007c0000000)
  eden space 200192K, 100% used [0x000000076d300000,0x0000000779680000,0x0000000779680000)
  from space 452096K, 85% used [0x0000000779680000,0x0000000790f88000,0x0000000795000000)
  to   space 452096K, 0% used [0x0000000798800000,0x0000000798800000,0x00000007b4180000)
 ParOldGen       total 1501184K, used 1172974K [0x00000006c7800000, 0x0000000723200000, 0x000000076d300000)
  object space 1501184K, 78% used [0x00000006c7800000,0x000000070f17bb28,0x0000000723200000)
 Metaspace       used 3535K, capacity 4856K, committed 5120K, reserved 1056768K
  class space    used 353K, capacity 424K, committed 512K, reserved 1048576K
Event: 28.684 GC heap after
Heap after GC invocations=16 (full 4):
 PSYoungGen      total 694272K, used 400793K [0x000000076d300000, 0x00000007b3a00000, 0x00000007c0000000)
  eden space 249856K, 0% used [0x000000076d300000,0x000000076d300000,0x000000077c700000)
  from space 444416K, 90% used [0x0000000798800000,0x00000007b0f66598,0x00000007b3a00000)
  to   space 452096K, 0% used [0x000000077c700000,0x000000077c700000,0x0000000798080000)
 ParOldGen       total 1501184K, used 1359294K [0x00000006c7800000, 0x0000000723200000, 0x000000076d300000)
  object space 1501184K, 90% used [0x00000006c7800000,0x000000071a76fb28,0x0000000723200000)
 Metaspace       used 3535K, capacity 4856K, committed 5120K, reserved 1056768K
  class space    used 353K, capacity 424K, committed 512K, reserved 1048576K
}
Event: 28.684 GC heap before
{Heap before GC invocations=17 (full 5):
 PSYoungGen      total 694272K, used 400793K [0x000000076d300000, 0x00000007b3a00000, 0x00000007c0000000)
  eden space 249856K, 0% used [0x000000076d300000,0x000000076d300000,0x000000077c700000)
  from space 444416K, 90% used [0x0000000798800000,0x00000007b0f66598,0x00000007b3a00000)
  to   space 452096K, 0% used [0x000000077c700000,0x000000077c700000,0x0000000798080000)
 ParOldGen       total 1501184K, used 1359294K [0x00000006c7800000, 0x0000000723200000, 0x000000076d300000)
  object space 1501184K, 90% used [0x00000006c7800000,0x000000071a76fb28,0x0000000723200000)
 Metaspace       used 3535K, capacity 4856K, committed 5120K, reserved 1056768K
  class space    used 353K, capacity 424K, committed 512K, reserved 1048576K

Deoptimization events (10 events):
Event: 0.415 Thread 0x00007faa44837000 Uncommon trap: reason=unstable_if action=reinterpret pc=0x00007faa34fc49dc method=sun.nio.cs.UTF_8$Decoder.decodeArrayLoop(Ljava/nio/ByteBuffer;Ljava/nio/CharBuffer;)Ljava/nio/charset/CoderResult; @ 184
Event: 0.415 Thread 0x00007faa44012800 Uncommon trap: reason=unstable_if action=reinterpret pc=0x00007faa34fbacbc method=com.univocity.parsers.common.input.AbstractCharInputReader.nextChar()C @ 40
Event: 0.462 Thread 0x00007faa44012800 Uncommon trap: reason=unstable_if action=reinterpret pc=0x00007faa34fe40e4 method=com.univocity.parsers.common.input.DefaultCharAppender.appendUntil(CLcom/univocity/parsers/common/input/CharInput;CCC)C @ 8
Event: 0.487 Thread 0x00007faa44012800 Uncommon trap: reason=unstable_if action=reinterpret pc=0x00007faa34fec188 method=com.univocity.parsers.common.input.AbstractCharInputReader.nextChar()C @ 40
Event: 1.397 Thread 0x00007faa44837000 Uncommon trap: reason=unstable_if action=reinterpret pc=0x00007faa34fe9afc method=sun.nio.cs.UTF_8$Decoder.decodeArrayLoop(Ljava/nio/ByteBuffer;Ljava/nio/CharBuffer;)Ljava/nio/charset/CoderResult; @ 280
Event: 3.733 Thread 0x00007faa44837000 Uncommon trap: reason=unstable_if action=reinterpret pc=0x00007faa3500ba94 method=sun.nio.cs.UTF_8$Decoder.isMalformed3(III)Z @ 3
Event: 3.735 Thread 0x00007faa44837000 Uncommon trap: reason=unstable_if action=reinterpret pc=0x00007faa34fb7c2c method=sun.nio.cs.UTF_8$Decoder.decodeArrayLoop(Ljava/nio/ByteBuffer;Ljava/nio/CharBuffer;)Ljava/nio/charset/CoderResult; @ 184
Event: 4.040 Thread 0x00007faa44837000 Uncommon trap: reason=unstable_if action=reinterpret pc=0x00007faa350293e8 method=java.lang.Character.isSurrogate(C)Z @ 3
Event: 4.040 Thread 0x00007faa44837000 Uncommon trap: reason=unstable_if action=reinterpret pc=0x00007faa35023b58 method=java.lang.Character.isSurrogate(C)Z @ 3
Event: 7.894 Thread 0x00007faa44012800 Uncommon trap: reason=unstable_if action=reinterpret pc=0x00007faa34ff5fc0 method=com.univocity.parsers.tsv.TsvParser.parseField()V @ 191

Internal exceptions (10 events):
Event: 0.224 Thread 0x00007faa44012800 Exception <a 'java/security/PrivilegedActionException'> (0x000000076d858990) thrown at [/build/openjdk-8-pZyJp3/openjdk-8-8u131-b11/src/hotspot/src/share/vm/prims/jvm.cpp, line 1390]
Event: 0.224 Thread 0x00007faa44012800 Exception <a 'java/security/PrivilegedActionException'> (0x000000076d858ba0) thrown at [/build/openjdk-8-pZyJp3/openjdk-8-8u131-b11/src/hotspot/src/share/vm/prims/jvm.cpp, line 1390]
Event: 0.224 Thread 0x00007faa44012800 Exception <a 'java/security/PrivilegedActionException'> (0x000000076d8598a0) thrown at [/build/openjdk-8-pZyJp3/openjdk-8-8u131-b11/src/hotspot/src/share/vm/prims/jvm.cpp, line 1390]
Event: 0.224 Thread 0x00007faa44012800 Exception <a 'java/security/PrivilegedActionException'> (0x000000076d859ab0) thrown at [/build/openjdk-8-pZyJp3/openjdk-8-8u131-b11/src/hotspot/src/share/vm/prims/jvm.cpp, line 1390]
Event: 0.224 Thread 0x00007faa44012800 Exception <a 'java/security/PrivilegedActionException'> (0x000000076d85a730) thrown at [/build/openjdk-8-pZyJp3/openjdk-8-8u131-b11/src/hotspot/src/share/vm/prims/jvm.cpp, line 1390]
Event: 0.224 Thread 0x00007faa44012800 Exception <a 'java/security/PrivilegedActionException'> (0x000000076d85a940) thrown at [/build/openjdk-8-pZyJp3/openjdk-8-8u131-b11/src/hotspot/src/share/vm/prims/jvm.cpp, line 1390]
Event: 0.228 Thread 0x00007faa44012800 Exception <a 'java/security/PrivilegedActionException'> (0x000000076d873438) thrown at [/build/openjdk-8-pZyJp3/openjdk-8-8u131-b11/src/hotspot/src/share/vm/prims/jvm.cpp, line 1390]
Event: 0.228 Thread 0x00007faa44012800 Exception <a 'java/security/PrivilegedActionException'> (0x000000076d873648) thrown at [/build/openjdk-8-pZyJp3/openjdk-8-8u131-b11/src/hotspot/src/share/vm/prims/jvm.cpp, line 1390]
Event: 0.228 Thread 0x00007faa44012800 Exception <a 'java/security/PrivilegedActionException'> (0x000000076d874260) thrown at [/build/openjdk-8-pZyJp3/openjdk-8-8u131-b11/src/hotspot/src/share/vm/prims/jvm.cpp, line 1390]
Event: 0.228 Thread 0x00007faa44012800 Exception <a 'java/security/PrivilegedActionException'> (0x000000076d874470) thrown at [/build/openjdk-8-pZyJp3/openjdk-8-8u131-b11/src/hotspot/src/share/vm/prims/jvm.cpp, line 1390]

Events (10 events):
Event: 10.198 Executing VM operation: ParallelGCFailedAllocation done
Event: 10.558 Executing VM operation: ParallelGCFailedAllocation
Event: 11.397 Executing VM operation: ParallelGCFailedAllocation done
Event: 11.815 Executing VM operation: ParallelGCFailedAllocation
Event: 18.416 Executing VM operation: ParallelGCFailedAllocation done
Event: 19.160 Executing VM operation: ParallelGCFailedAllocation
Event: 20.222 Executing VM operation: ParallelGCFailedAllocation done
Event: 20.746 Executing VM operation: ParallelGCFailedAllocation
Event: 25.926 Executing VM operation: ParallelGCFailedAllocation done
Event: 27.920 Executing VM operation: ParallelGCFailedAllocation


Dynamic libraries:
00400000-00401000 r-xp 00000000 08:01 25300909                           /usr/lib/jvm/java-8-openjdk-amd64/jre/bin/java
00600000-00601000 r--p 00000000 08:01 25300909                           /usr/lib/jvm/java-8-openjdk-amd64/jre/bin/java
00601000-00602000 rw-p 00001000 08:01 25300909                           /usr/lib/jvm/java-8-openjdk-amd64/jre/bin/java
0155e000-0157f000 rw-p 00000000 00:00 0                                  [heap]
6c7800000-723200000 rw-p 00000000 00:00 0 
74cd80000-76d300000 ---p 00000000 00:00 0 
76d300000-7b3a00000 rw-p 00000000 00:00 0 
7b3a00000-7c0000000 ---p 00000000 00:00 0 
7c0000000-7c0080000 rw-p 00000000 00:00 0 
7c0080000-800000000 ---p 00000000 00:00 0 
7fa9cc000000-7fa9cc021000 rw-p 00000000 00:00 0 
7fa9cc021000-7fa9d0000000 ---p 00000000 00:00 0 
7fa9d0000000-7fa9d0021000 rw-p 00000000 00:00 0 
7fa9d0021000-7fa9d4000000 ---p 00000000 00:00 0 
7fa9d4000000-7fa9d42f8000 rw-p 00000000 00:00 0 
7fa9d42f8000-7fa9d8000000 ---p 00000000 00:00 0 
7fa9d8000000-7fa9d8021000 rw-p 00000000 00:00 0 
7fa9d8021000-7fa9dc000000 ---p 00000000 00:00 0 
7fa9dc000000-7fa9dc1cb000 rw-p 00000000 00:00 0 
7fa9dc1cb000-7fa9e0000000 ---p 00000000 00:00 0 
7fa9e0000000-7fa9e022f000 rw-p 00000000 00:00 0 
7fa9e022f000-7fa9e4000000 ---p 00000000 00:00 0 
7fa9e4000000-7fa9e4328000 rw-p 00000000 00:00 0 
7fa9e4328000-7fa9e8000000 ---p 00000000 00:00 0 
7fa9e8000000-7fa9e8021000 rw-p 00000000 00:00 0 
7fa9e8021000-7fa9ec000000 ---p 00000000 00:00 0 
7fa9ef395000-7fa9ef398000 ---p 00000000 00:00 0 
7fa9ef398000-7fa9ef496000 rw-p 00000000 00:00 0 
7fa9ef496000-7fa9ef49e000 r--s 00055000 08:11 23601532                   /media/abhishek/DataStore/Downloads/univocity-parsers-2.5.3.jar
7fa9ef49e000-7fa9ef4a2000 r--s 0002a000 08:01 6424541                    /home/abhishek/.m2/repository/commons-io/commons-io/2.4/commons-io-2.4.jar
7fa9ef4a2000-7fa9ef4c9000 r--s 001f6000 08:01 10095820                   /home/abhishek/.m2/repository/org/apache/commons/commons-math3/3.6.1/commons-math3-3.6.1.jar
7fa9ef4c9000-7fa9ef4cf000 r--s 00066000 08:01 10095807                   /home/abhishek/.m2/repository/it/unimi/dsi/dsiutils/2.4.0/dsiutils-2.4.0.jar
7fa9ef4cf000-7fa9ef4d4000 r--s 00024000 08:01 6556142                    /home/abhishek/.m2/repository/com/github/andrewoma/dexx/collection/0.7/collection-0.7.jar
7fa9ef4d4000-7fa9ef4db000 r--s 00064000 08:01 10095295                   /home/abhishek/.m2/repository/org/apache/commons/commons-lang3/3.4/commons-lang3-3.4.jar
7fa9ef4db000-7fa9ef4dc000 r--s 00009000 08:01 6556140                    /home/abhishek/.m2/repository/org/apache/commons/commons-csv/1.4/commons-csv-1.4.jar
7fa9ef4dc000-7fa9ef514000 r--s 0024e000 08:01 6556138                    /home/abhishek/.m2/repository/org/apache/jena/jena-shaded-guava/3.4.0/jena-shaded-guava-3.4.0.jar
7fa9ef514000-7fa9ef519000 r--s 00031000 08:01 6556136                    /home/abhishek/.m2/repository/org/apache/jena/jena-base/3.4.0/jena-base-3.4.0.jar
7fa9ef519000-7fa9ef51b000 r--s 0000c000 08:01 6556134                    /home/abhishek/.m2/repository/commons-cli/commons-cli/1.4/commons-cli-1.4.jar
7fa9ef51b000-7fa9ef524000 r--s 0002d000 08:01 6556132                    /home/abhishek/.m2/repository/xml-apis/xml-apis/1.4.01/xml-apis-1.4.01.jar
7fa9ef524000-7fa9ef53d000 r--s 00135000 08:01 6556129                    /home/abhishek/.m2/repository/xerces/xercesImpl/2.11.0/xercesImpl-2.11.0.jar
7fa9ef53d000-7fa9ef53f000 r--s 00020000 08:01 6556130                    /home/abhishek/.m2/repository/org/apache/jena/jena-iri/3.4.0/jena-iri-3.4.0.jar
7fa9ef53f000-7fa9ef559000 r--s 00142000 08:01 6556126                    /home/abhishek/.m2/repository/org/apache/jena/jena-core/3.4.0/jena-core-3.4.0.jar
7fa9ef559000-7fa9ef582000 r--s 001ee000 08:01 10095805                   /home/abhishek/.m2/repository/com/google/guava/guava/14.0-rc3/guava-14.0-rc3.jar
7fa9ef582000-7fa9ef589000 r--s 000c7000 08:01 10095803                   /home/abhishek/.m2/repository/mysql/mysql-connector-java/5.1.23/mysql-connector-java-5.1.23.jar
7fa9ef589000-7fa9ef58c000 r--s 00028000 08:01 6424511                    /home/abhishek/.m2/repository/javax/servlet/servlet-api/3.0-alpha-1/servlet-api-3.0-alpha-1.jar
7fa9ef58c000-7fa9ef58e000 r--s 0000e000 08:01 6424538                    /home/abhishek/.m2/repository/javax/activation/activation/1.1/activation-1.1.jar
7fa9ef58e000-7fa9ef596000 r--s 00078000 08:01 10095801                   /home/abhishek/.m2/repository/javax/mail/mail/1.4.6/mail-1.4.6.jar
7fa9ef596000-7fa9ef598000 r--s 0001f000 08:01 6424828                    /home/abhishek/.m2/repository/org/mortbay/jetty/servlet-api/2.5-20081211/servlet-api-2.5-20081211.jar
7fa9ef598000-7fa9ef59f000 r--s 0007d000 08:01 6424644                    /home/abhishek/.m2/repository/org/mortbay/jetty/jetty/6.1.26/jetty-6.1.26.jar
7fa9ef59f000-7fa9ef5aa000 r--s 00074000 08:01 6424825                    /home/abhishek/.m2/repository/velocity/velocity-dep/1.4/velocity-dep-1.4.jar
7fa9ef5aa000-7fa9ef5b2000 r--s 00051000 08:01 6424824                    /home/abhishek/.m2/repository/velocity/velocity/1.4/velocity-1.4.jar
7fa9ef5b2000-7fa9ef5d3000 r--s 002a5000 08:01 6424822                    /home/abhishek/.m2/repository/xalan/xalan/2.5.1/xalan-2.5.1.jar
7fa9ef5d3000-7fa9ef5d8000 r--s 00053000 08:01 6424805                    /home/abhishek/.m2/repository/antlr/antlr/2.7.2/antlr-2.7.2.jar
7fa9ef5d8000-7fa9ef5da000 r--s 00004000 08:01 6424817                    /home/abhishek/.m2/repository/commons-fileupload/commons-fileupload/1.0/commons-fileupload-1.0.jar
7fa9ef5da000-7fa9ef5e4000 r--s 0007d000 08:01 6424812                    /home/abhishek/.m2/repository/struts/struts/1.2.9/struts-1.2.9.jar
7fa9ef5e4000-7fa9ef5e6000 r--s 00005000 08:01 6424811                    /home/abhishek/.m2/repository/sslext/sslext/1.2-0/sslext-1.2-0.jar
7fa9ef5e6000-7fa9ef5e9000 r--s 0001f000 08:01 6424803                    /home/abhishek/.m2/repository/commons-validator/commons-validator/1.3.1/commons-validator-1.3.1.jar
7fa9ef5e9000-7fa9ef5ec000 r--s 0001e000 08:01 6424505                    /home/abhishek/.m2/repository/org/apache/velocity/velocity-tools/1.3/velocity-tools-1.3.jar
7fa9ef5ec000-7fa9ef5f4000 r--s 00058000 08:01 6424503                    /home/abhishek/.m2/repository/org/apache/velocity/velocity/1.5/velocity-1.5.jar
7fa9ef5f4000-7fa9ef5f7000 r--s 00033000 08:01 6424724                    /home/abhishek/.m2/repository/com/googlecode/juniversalchardet/juniversalchardet/1.0.3/juniversalchardet-1.0.3.jar
7fa9ef5f7000-7fa9ef5f9000 r--s 0000a000 08:01 10095800                   /home/abhishek/.m2/repository/org/gagravarr/vorbis-java-core/0.1/vorbis-java-core-0.1.jar
7fa9ef5f9000-7fa9ef5fc000 r--s 00023000 08:01 6424855                    /home/abhishek/.m2/repository/jdom/jdom/1.0/jdom-1.0.jar
7fa9ef5fc000-7fa9ef600000 r--s 0002f000 08:01 10095797                   /home/abhishek/.m2/repository/rome/rome/0.9/rome-0.9.jar
7fa9ef600000-7fa9ef603000 r--s 00014000 08:01 6424718                    /home/abhishek/.m2/repository/de/l3s/boilerpipe/boilerpipe/1.1.0/boilerpipe-1.1.0.jar
7fa9ef603000-7fa9ef605000 r--s 0001b000 08:01 6424715                    /home/abhishek/.m2/repository/com/adobe/xmp/xmpcore/5.1.2/xmpcore-5.1.2.jar
7fa9ef605000-7fa9ef609000 r--s 00030000 08:01 10095791                   /home/abhishek/.m2/repository/com/drewnoakes/metadata-extractor/2.6.2/metadata-extractor-2.6.2.jar
7fa9ef609000-7fa9ef612000 r--s 00077000 08:01 10095787                   /home/abhishek/.m2/repository/com/googlecode/mp4parser/isoparser/1.0-RC-1/isoparser-1.0-RC-1.jar
7fa9ef612000-7fa9ef614000 r--s 00015000 08:01 6424707                    /home/abhishek/.m2/repository/org/ccil/cowan/tagsoup/tagsoup/1.2.1/tagsoup-1.2.1.jar
7fa9ef614000-7fa9ef616000 r--s 00006000 08:01 10095785                   /home/abhishek/.m2/repository/org/apache/geronimo/specs/geronimo-stax-api_1.0_spec/1.0.1/geronimo-stax-api_1.0_spec-1.0.1.jar
7fa9ef616000-7fa9ef61b000 r--s 00048000 08:01 10095040                   /home/abhishek/.m2/repository/dom4j/dom4j/1.6.1/dom4j-1.6.1.jar
7fa9ef61b000-7fa9ef658000 r--s 0024f000 08:01 10095775                   /home/abhishek/.m2/repository/org/apache/xmlbeans/xmlbeans/2.3.0/xmlbeans-2.3.0.jar
7fa9ef658000-7fa9ef6ea000 r--s 003ec000 08:01 10095783                   /home/abhishek/.m2/repository/org/apache/poi/poi-ooxml-schemas/3.8/poi-ooxml-schemas-3.8.jar
7fa9ef6ea000-7fa9ef6f6000 r--s 000d8000 08:01 10095779                   /home/abhishek/.m2/repository/org/apache/poi/poi-ooxml/3.8/poi-ooxml-3.8.jar
7fa9ef6f6000-7fa9ef706000 r--s 00112000 08:01 10095764                   /home/abhishek/.m2/repository/org/apache/poi/poi-scratchpad/3.8/poi-scratchpad-3.8.jar
7fa9ef706000-7fa9ef726000 r--s 0019d000 08:01 10095781                   /home/abhishek/.m2/repository/org/apache/poi/poi/3.8/poi-3.8.jar
7fa9ef726000-7fa9ef74b000 r--s 00172000 08:01 10095773                   /home/abhishek/.m2/repository/org/bouncycastle/bcprov-jdk15/1.45/bcprov-jdk15-1.45.jar
7fa9ef74b000-7fa9ef750000 r--s 00033000 08:01 10095772                   /home/abhishek/.m2/repository/org/bouncycastle/bcmail-jdk15/1.45/bcmail-jdk15-1.45.jar
7fa9ef750000-7fa9ef752000 r--s 0000b000 08:01 10095769                   /home/abhishek/.m2/repository/org/apache/pdfbox/jempbox/1.7.1/jempbox-1.7.1.jar
7fa9ef752000-7fa9ef756000 r--s 0002b000 08:01 10095767                   /home/abhishek/.m2/repository/org/apache/pdfbox/fontbox/1.7.1/fontbox-1.7.1.jar
7fa9ef756000-7fa9ef76c000 r--s 003a5000 08:01 10095765                   /home/abhishek/.m2/repository/org/apache/pdfbox/pdfbox/1.7.1/pdfbox-1.7.1.jar
7fa9ef76c000-7fa9ef770000 r--s 00014000 08:01 6426137                    /home/abhishek/.m2/repository/org/tukaani/xz/1.0/xz-1.0.jar
7fa9ef770000-7fa9ef775000 r--s 00036000 08:01 6424829                    /home/abhishek/.m2/repository/org/apache/commons/commons-compress/1.4.1/commons-compress-1.4.1.jar
7fa9ef775000-7fa9ef77c000 r--s 00044000 08:01 6424664                    /home/abhishek/.m2/repository/org/apache/james/apache-mime4j-dom/0.7.2/apache-mime4j-dom-0.7.2.jar
7fa9ef77c000-7fa9ef77f000 r--s 00015000 08:01 6424665                    /home/abhishek/.m2/repository/org/apache/james/apache-mime4j-core/0.7.2/apache-mime4j-core-0.7.2.jar
7fa9ef77f000-7fa9ef7b0000 r--s 003f0000 08:01 10095761                   /home/abhishek/.m2/repository/edu/ucar/netcdf/4.2-min/netcdf-4.2-min.jar
7fa9ef7b0000-7fa9ef7b2000 r--s 00006000 08:01 10095760                   /home/abhishek/.m2/repository/org/gagravarr/vorbis-java-core/0.1/vorbis-java-core-0.1-tests.jar
7fa9ef7b2000-7fa9ef7b3000 r--s 00003000 08:01 10095757                   /home/abhishek/.m2/repository/org/gagravarr/vorbis-java-tika/0.1/vorbis-java-tika-0.1.jar
7fa9ef7b3000-7fa9ef7bb000 r--s 0006f000 08:01 10095753                   /home/abhishek/.m2/repository/org/apache/tika/tika-parsers/1.3/tika-parsers-1.3.jar
7fa9ef7bb000-7fa9ef7c2000 r--s 0006e000 08:01 10095755                   /home/abhishek/.m2/repository/org/apache/tika/tika-core/1.3/tika-core-1.3.jar
7fa9ef7c2000-7fa9ef83b000 r--s 010fd000 08:01 6293075                    /usr/lib/jvm/java-8-openjdk-amd64/lib/tools.jar
7fa9ef83b000-7fa9ef83c000 r--s 00003000 08:01 6424557                    /home/abhishek/.m2/repository/com/googlecode/json-simple/json-simple/1.1/json-simple-1.1.jar
7fa9ef83c000-7fa9ef83e000 r--s 00009000 08:01 6424650                    /home/abhishek/.m2/repository/org/apache/hadoop/hadoop-auth/0.23.6/hadoop-auth-0.23.6.jar
7fa9ef83e000-7fa9ef844000 r--s 00068000 08:01 6424620                    /home/abhishek/.m2/repository/com/google/protobuf/protobuf-java/2.4.0a/protobuf-java-2.4.0a.jar
7fa9ef844000-7fa9ef845000 r--s 00002000 08:01 6424576                    /home/abhishek/.m2/repository/net/sf/kosmosfs/kfs/0.3/kfs-0.3.jar
7fa9ef845000-7fa9ef854000 r--s 000b2000 08:01 6424645                    /home/abhishek/.m2/repository/org/jboss/netty/netty/3.2.4.Final/netty-3.2.4.Final.jar
7fa9ef854000-7fa9ef858000 r--s 00026000 08:01 6424642                    /home/abhishek/.m2/repository/org/apache/avro/avro-ipc/1.5.3/avro-ipc-1.5.3.jar
7fa9ef858000-7fa9ef85a000 r--s 000f2000 08:01 6424637                    /home/abhishek/.m2/repository/org/xerial/snappy/snappy-java/1.0.3.2/snappy-java-1.0.3.2.jar
7fa9ef85a000-7fa9ef85c000 r--s 00006000 08:01 6424635                    /home/abhishek/.m2/repository/com/thoughtworks/paranamer/paranamer/2.3/paranamer-2.3.jar
7fa9ef85c000-7fa9ef862000 r--s 0003b000 08:01 6424625                    /home/abhishek/.m2/repository/org/apache/avro/avro/1.5.3/avro-1.5.3.jar
7fa9ef862000-7fa9ef867000 r--s 00018000 08:01 6424562                    /home/abhishek/.m2/repository/org/aspectj/aspectjrt/1.6.5/aspectjrt-1.6.5.jar
7fa9ef867000-7fa9ef874000 r--s 00097000 08:01 6424621                    /home/abhishek/.m2/repository/org/codehaus/jackson/jackson-mapper-asl/1.8.8/jackson-mapper-asl-1.8.8.jar
7fa9ef874000-7fa9ef876000 r--s 0000e000 08:01 6424628                    /home/abhishek/.m2/repository/oro/oro/2.0.8/oro-2.0.8.jar
7fa9ef876000-7fa9ef899000 r--s 00344000 08:01 6424623                    /home/abhishek/.m2/repository/org/eclipse/jdt/core/3.1.1/core-3.1.1.jar
7fa9ef899000-7fa9ef89a000 r--s 00002000 08:01 6424647                    /home/abhishek/.m2/repository/org/slf4j/slf4j-log4j12/1.6.1/slf4j-log4j12-1.6.1.jar
7fa9ef89a000-7fa9ef89f000 r--s 0004a000 08:01 6424610                    /home/abhishek/.m2/repository/net/java/dev/jets3t/jets3t/0.6.1/jets3t-0.6.1.jar
7fa9ef89f000-7fa9ef8a6000 r--s 00059000 08:01 6424657                    /home/abhishek/.m2/repository/log4j/log4j/1.2.15/log4j-1.2.15.jar
7fa9ef8a6000-7fa9ef8a7000 r--s 0000a000 08:01 6424607                    /home/abhishek/.m2/repository/commons-logging/commons-logging-api/1.1/commons-logging-api-1.1.jar
7fa9ef8a7000-7fa9ef8aa000 r--s 00019000 08:01 6424601                    /home/abhishek/.m2/repository/commons-el/commons-el/1.0/commons-el-1.0.jar
7fa9ef8aa000-7fa9ef8ad000 r--s 00016000 08:01 6424602                    /home/abhishek/.m2/repository/javax/servlet/jsp/jsp-api/2.1/jsp-api-2.1.jar
7fa9ef8ad000-7fa9ef8af000 r--s 00011000 08:01 6424579                    /home/abhishek/.m2/repository/tomcat/jasper-runtime/5.5.23/jasper-runtime-5.5.23.jar
7fa9ef8af000-7fa9ef8b4000 r--s 0005f000 08:01 6424595                    /home/abhishek/.m2/repository/tomcat/jasper-compiler/5.5.23/jasper-compiler-5.5.23.jar
7fa9ef8b4000-7fa9ef8c5000 r--s 00099000 08:01 6424589                    /home/abhishek/.m2/repository/com/sun/jersey/jersey-server/1.8/jersey-server-1.8.jar
7fa9ef8c5000-7fa9ef8c6000 r--s 00007000 08:01 6424423                    /home/abhishek/.m2/repository/org/codehaus/jackson/jackson-xc/1.7.1/jackson-xc-1.7.1.jar
7fa9ef8c6000-7fa9ef8c8000 r--s 00003000 08:01 6424584                    /home/abhishek/.m2/repository/org/codehaus/jackson/jackson-jaxrs/1.7.1/jackson-jaxrs-1.7.1.jar
7fa9ef8c8000-7fa9ef8cc000 r--s 0002f000 08:01 6424587                    /home/abhishek/.m2/repository/org/codehaus/jackson/jackson-core-asl/1.7.1/jackson-core-asl-1.7.1.jar
7fa9ef8cc000-7fa9ef8cf000 r--s 00017000 08:01 6424442                    /home/abhishek/.m2/repository/javax/xml/bind/jaxb-api/2.2.2/jaxb-api-2.2.2.jar
7fa9ef8cf000-7fa9ef8e2000 r--s 000c7000 08:01 6424498                    /home/abhishek/.m2/repository/com/sun/xml/bind/jaxb-impl/2.2.3-1/jaxb-impl-2.2.3-1.jar
7fa9ef8e2000-7fa9ef8e4000 r--s 0000f000 08:01 6424577                    /home/abhishek/.m2/repository/org/codehaus/jettison/jettison/1.1/jettison-1.1.jar
7fa9ef8e4000-7fa9ef8e8000 r--s 00021000 08:01 6424573                    /home/abhishek/.m2/repository/com/sun/jersey/jersey-json/1.8/jersey-json-1.8.jar
7fa9ef8e8000-7fa9ef8f2000 r--s 00066000 08:01 6424585                    /home/abhishek/.m2/repository/com/sun/jersey/jersey-core/1.8/jersey-core-1.8.jar
7fa9ef8f2000-7fa9ef8f3000 r--s 0000a000 08:01 6424569                    /home/abhishek/.m2/repository/asm/asm/3.2/asm-3.2.jar
7fa9ef8f3000-7fa9ef8f7000 r--s 00028000 08:01 6424568                    /home/abhishek/.m2/repository/org/mortbay/jetty/jetty-util/6.1.26/jetty-util-6.1.26.jar
7fa9ef8f7000-7fa9ef8fc000 r--s 00028000 08:01 6424558                    /home/abhishek/.m2/repository/commons-net/commons-net/1.4.1/commons-net-1.4.1.jar
7fa9ef8fc000-7fa9ef8fe000 r--s 0000d000 08:01 6424653                    /home/abhishek/.m2/repository/commons-codec/commons-codec/1.4/commons-codec-1.4.jar
7fa9ef8fe000-7fa9ef904000 r--s 00045000 08:01 6424590                    /home/abhishek/.m2/repository/commons-httpclient/commons-httpclient/3.1/commons-httpclient-3.1.jar
7fa9ef904000-7fa9ef905000 r--s 00003000 08:01 6424547                    /home/abhishek/.m2/repository/xmlenc/xmlenc/0.52/xmlenc-0.52.jar
7fa9ef905000-7fa9ef916000 r--s 000bb000 08:01 6424545                    /home/abhishek/.m2/repository/org/apache/commons/commons-math/2.1/commons-math-2.1.jar
7fa9ef916000-7fa9ef918000 r--s 00003000 08:01 6424537                    /home/abhishek/.m2/repository/org/apache/hadoop/hadoop-annotations/0.23.6/hadoop-annotations-0.23.6.jar
7fa9ef918000-7fa9ef935000 r--s 0019d000 08:01 6424428                    /home/abhishek/.m2/repository/org/apache/hadoop/hadoop-common/0.23.6/hadoop-common-0.23.6.jar
7fa9ef935000-7fa9ef93a000 r--s 00034000 08:01 6424457                    /home/abhishek/.m2/repository/commons-beanutils/commons-beanutils/1.8.3/commons-beanutils-1.8.3.jar
7fa9ef93a000-7fa9ef940000 r--s 0002b000 08:01 6424489                    /home/abhishek/.m2/repository/commons-digester/commons-digester/2.1/commons-digester-2.1.jar
7fa9ef940000-7fa9ef94e000 r--s 0007f000 08:01 6424586                    /home/abhishek/.m2/repository/commons-collections/commons-collections/3.2.1/commons-collections-3.2.1.jar
7fa9ef94e000-7fa9ef953000 r--s 00041000 08:01 6424618                    /home/abhishek/.m2/repository/commons-lang/commons-lang/2.6/commons-lang-2.6.jar
7fa9ef953000-7fa9ef955000 r--s 0000d000 08:01 6424528                    /home/abhishek/.m2/repository/commons-logging/commons-logging/1.1.1/commons-logging-1.1.1.jar
7fa9ef955000-7fa9ef95c000 r--s 00050000 08:01 6424525                    /home/abhishek/.m2/repository/commons-configuration/commons-configuration/1.8/commons-configuration-1.8.jar
7fa9ef95c000-7fa9ef95f000 r--s 00040000 08:01 10095750                   /home/abhishek/.m2/repository/net/java/dev/javacc/javacc/4.0/javacc-4.0.jar
7fa9ef95f000-7fa9ef968000 r--s 00051000 08:01 10095735                   /home/abhishek/.m2/repository/ch/qos/logback/logback-core/1.0.9/logback-core-1.0.9.jar
7fa9ef968000-7fa9ef96d000 r--s 00039000 08:01 10095747                   /home/abhishek/.m2/repository/ch/qos/logback/logback-classic/1.0.9/logback-classic-1.0.9.jar
7fa9ef96d000-7fa9ef96f000 r--s 0000f000 08:01 6424437                    /home/abhishek/.m2/repository/com/martiansoftware/jsap/2.1/jsap-2.1.jar
7fa9ef96f000-7fa9ef971000 r--s 00005000 08:01 6424497                    /home/abhishek/.m2/repository/stax/stax-api/1.0.1/stax-api-1.0.1.jar
7fa9ef971000-7fa9ef978000 r--s 00079000 08:01 6424441                    /home/abhishek/.m2/repository/org/codehaus/woodstox/wstx-asl/3.2.6/wstx-asl-3.2.6.jar
7fa9ef978000-7fa9ef97d000 r--s 00034000 08:01 6424429                    /home/abhishek/.m2/repository/net/sf/jung/jung-algorithms/2.0.1/jung-algorithms-2.0.1.jar
7fa9ef97d000-7fa9ef980000 r--s 00011000 08:01 6424431                    /home/abhishek/.m2/repository/net/sf/jung/jung-io/2.0.1/jung-io-2.0.1.jar
7fa9ef980000-7fa9ef98c000 r--s 00076000 08:01 6424449                    /home/abhishek/.m2/repository/net/sourceforge/collections/collections-generic/4.01/collections-generic-4.01.jar
7fa9ef98c000-7fa9ef98f000 r--s 00008000 08:01 6424443                    /home/abhishek/.m2/repository/net/sf/jung/jung-api/2.0.1/jung-api-2.0.1.jar
7fa9ef98f000-7fa9ef996000 r--s 00028000 08:01 6424398                    /home/abhishek/.m2/repository/concurrent/concurrent/1.3.4/concurrent-1.3.4.jar
7fa9ef996000-7fa9ef9a4000 r--s 00081000 08:01 6424439                    /home/abhishek/.m2/repository/colt/colt/1.2.0/colt-1.2.0.jar
7fa9ef9a4000-7fa9ef9a9000 r--s 00041000 08:01 10095737                   /home/abhishek/.m2/repository/it/unimi/dsi/webgraph/3.0.9/webgraph-3.0.9.jar
7fa9ef9a9000-7fa9ef9ac000 r--s 00037000 08:01 10095731                   /home/abhishek/.m2/repository/it/unimi/dsi/sux4j/3.0.7/sux4j-3.0.7.jar
7fa9ef9ac000-7fa9ef9d6000 rw-p 00000000 00:00 0 
7fa9ef9d6000-7fa9efafb000 r--s 00ec4000 08:01 10095727                   /home/abhishek/.m2/repository/it/unimi/dsi/fastutil/6.5.2/fastutil-6.5.2.jar
7fa9efafb000-7fa9efafc000 ---p 00000000 00:00 0 
7fa9efafc000-7fa9efbfc000 rw-p 00000000 00:00 0 
7fa9efbfc000-7fa9efbff000 ---p 00000000 00:00 0 
7fa9efbff000-7fa9efcfd000 rw-p 00000000 00:00 0 
7fa9efcfd000-7fa9efd00000 ---p 00000000 00:00 0 
7fa9efd00000-7fa9efdfe000 rw-p 00000000 00:00 0 
7fa9efdfe000-7fa9efe01000 ---p 00000000 00:00 0 
7fa9efe01000-7fa9efeff000 rw-p 00000000 00:00 0 
7fa9efeff000-7fa9eff02000 ---p 00000000 00:00 0 
7fa9eff02000-7fa9f0000000 rw-p 00000000 00:00 0 
7fa9f0000000-7fa9f0021000 rw-p 00000000 00:00 0 
7fa9f0021000-7fa9f4000000 ---p 00000000 00:00 0 
7fa9f4000000-7fa9f4021000 rw-p 00000000 00:00 0 
7fa9f4021000-7fa9f8000000 ---p 00000000 00:00 0 
7fa9f8000000-7fa9f8021000 rw-p 00000000 00:00 0 
7fa9f8021000-7fa9fc000000 ---p 00000000 00:00 0 
7fa9fc000000-7fa9fc021000 rw-p 00000000 00:00 0 
7fa9fc021000-7faa00000000 ---p 00000000 00:00 0 
7faa00000000-7faa00021000 rw-p 00000000 00:00 0 
7faa00021000-7faa04000000 ---p 00000000 00:00 0 
7faa04000000-7faa04001000 r--s 0001f000 08:01 6424539                    /home/abhishek/.m2/repository/jdiff/jdiff/1.0.9/jdiff-1.0.9.jar
7faa04001000-7faa04018000 r--s 0019a000 08:01 10095725                   /home/abhishek/.m2/repository/it/unimi/di/mg4j/5.2/mg4j-5.2.jar
7faa04018000-7faa0401c000 r--s 00026000 08:01 10095719                   /home/abhishek/.m2/repository/org/apache/lucene/lucene-sandbox/6.6.0/lucene-sandbox-6.6.0.jar
7faa0401c000-7faa04023000 r--s 00034000 08:01 10095723                   /home/abhishek/.m2/repository/org/apache/lucene/lucene-queries/6.6.0/lucene-queries-6.6.0.jar
7faa04023000-7faa0402c000 r--s 0005a000 08:01 10095721                   /home/abhishek/.m2/repository/org/apache/lucene/lucene-queryparser/6.6.0/lucene-queryparser-6.6.0.jar
7faa0402c000-7faa0405a000 r--s 0027a000 08:01 10095717                   /home/abhishek/.m2/repository/org/apache/lucene/lucene-core/6.6.0/lucene-core-6.6.0.jar
7faa0405a000-7faa0405c000 r--s 00009000 08:01 10095813                   /home/abhishek/.m2/repository/org/slf4j/slf4j-api/1.7.25/slf4j-api-1.7.25.jar
7faa0405c000-7faa0405e000 r--s 00003000 08:01 6557254                    /home/abhishek/.m2/repository/org/slf4j/jcl-over-slf4j/1.7.25/jcl-over-slf4j-1.7.25.jar
7faa0405e000-7faa04064000 r--s 00034000 08:01 6557252                    /home/abhishek/.m2/repository/org/apache/thrift/libthrift/0.9.3/libthrift-0.9.3.jar
7faa04064000-7faa04067000 r--s 00024000 08:01 6557245                    /home/abhishek/.m2/repository/org/apache/httpcomponents/httpclient-cache/4.5.3/httpclient-cache-4.5.3.jar
7faa04067000-7faa0406a000 r--s 0000b000 08:01 6557238                    /home/abhishek/.m2/repository/com/fasterxml/jackson/core/jackson-annotations/2.8.0/jackson-annotations-2.8.0.jar
7faa0406a000-7faa0407b000 r--s 0011d000 08:01 6557236                    /home/abhishek/.m2/repository/com/fasterxml/jackson/core/jackson-databind/2.8.6/jackson-databind-2.8.6.jar
7faa0407b000-7faa0407f000 r--s 00041000 08:01 6557241                    /home/abhishek/.m2/repository/com/fasterxml/jackson/core/jackson-core/2.8.6/jackson-core-2.8.6.jar
7faa0407f000-7faa04081000 r--s 00017000 08:01 6557230                    /home/abhishek/.m2/repository/com/github/jsonld-java/jsonld-java/0.10.0/jsonld-java-0.10.0.jar
7faa04081000-7faa04089000 r--s 00048000 08:01 6557228                    /home/abhishek/.m2/repository/org/apache/httpcomponents/httpcore/4.4.6/httpcore-4.4.6.jar
7faa04089000-7faa040bd000 r--s 00290000 08:01 6557226                    /home/abhishek/.m2/repository/org/apache/jena/jena-arq/3.4.0/jena-arq-3.4.0.jar
7faa040bd000-7faa040c0000 ---p 00000000 00:00 0 
7faa040c0000-7faa041be000 rw-p 00000000 00:00 0 
7faa041be000-7faa041c1000 ---p 00000000 00:00 0 
7faa041c1000-7faa042bf000 rw-p 00000000 00:00 0 
7faa042bf000-7faa042c2000 ---p 00000000 00:00 0 
7faa042c2000-7faa0c000000 rw-p 00000000 00:00 0 
7faa0c000000-7faa0c1ee000 rw-p 00000000 00:00 0 
7faa0c1ee000-7faa10000000 ---p 00000000 00:00 0 
7faa10000000-7faa10021000 rw-p 00000000 00:00 0 
7faa10021000-7faa14000000 ---p 00000000 00:00 0 
7faa14000000-7faa14021000 rw-p 00000000 00:00 0 
7faa14021000-7faa18000000 ---p 00000000 00:00 0 
7faa18000000-7faa1809d000 rw-p 00000000 00:00 0 
7faa1809d000-7faa1c000000 ---p 00000000 00:00 0 
7faa1c000000-7faa1c87f000 rw-p 00000000 00:00 0 
7faa1c87f000-7faa20000000 ---p 00000000 00:00 0 
7faa20000000-7faa20021000 rw-p 00000000 00:00 0 
7faa20021000-7faa24000000 ---p 00000000 00:00 0 
7faa24000000-7faa24391000 rw-p 00000000 00:00 0 
7faa24391000-7faa28000000 ---p 00000000 00:00 0 
7faa28000000-7faa28587000 rw-p 00000000 00:00 0 
7faa28587000-7faa2c000000 ---p 00000000 00:00 0 
7faa2c000000-7faa2c021000 rw-p 00000000 00:00 0 
7faa2c021000-7faa30000000 ---p 00000000 00:00 0 
7faa30000000-7faa30001000 r--s 00009000 08:01 6557232                    /home/abhishek/.m2/repository/org/apache/jena/jena-rdfconnection/3.4.0/jena-rdfconnection-3.4.0.jar
7faa30001000-7faa3000e000 r--s 000aa000 08:01 6557246                    /home/abhishek/.m2/repository/org/apache/httpcomponents/httpclient/4.5.3/httpclient-4.5.3.jar
7faa3000e000-7faa30017000 r--s 00079000 08:01 6557225                    /home/abhishek/.m2/repository/org/apache/jena/jena-tdb/3.4.0/jena-tdb-3.4.0.jar
7faa30017000-7faa3002a000 r--s 00346000 08:01 25300551                   /usr/lib/jvm/java-8-openjdk-amd64/jre/lib/resources.jar
7faa3002a000-7faa3002f000 r--s 0009a000 08:01 25300514                   /usr/lib/jvm/java-8-openjdk-amd64/jre/lib/jsse.jar
7faa3002f000-7faa30032000 r--s 00015000 08:01 25300650                   /usr/lib/jvm/java-8-openjdk-amd64/jre/lib/jce.jar
7faa30032000-7faa30037000 r--s 002f9000 08:01 25300586                   /usr/lib/jvm/java-8-openjdk-amd64/jre/lib/charsets.jar
7faa30037000-7faa30052000 r--s 001d6000 08:01 25300505                   /usr/lib/jvm/java-8-openjdk-amd64/jre/lib/ext/nashorn.jar
7faa30052000-7faa3005c000 r--s 00116000 08:01 25300506                   /usr/lib/jvm/java-8-openjdk-amd64/jre/lib/ext/localedata.jar
7faa3005c000-7faa3005f000 ---p 00000000 00:00 0 
7faa3005f000-7faa3015d000 rw-p 00000000 00:00 0 
7faa3015d000-7faa30161000 r-xp 00000000 08:01 25300540                   /usr/lib/jvm/java-8-openjdk-amd64/jre/lib/amd64/libdt_socket.so
7faa30161000-7faa30360000 ---p 00004000 08:01 25300540                   /usr/lib/jvm/java-8-openjdk-amd64/jre/lib/amd64/libdt_socket.so
7faa30360000-7faa30361000 r--p 00003000 08:01 25300540                   /usr/lib/jvm/java-8-openjdk-amd64/jre/lib/amd64/libdt_socket.so
7faa30361000-7faa30362000 rw-p 00004000 08:01 25300540                   /usr/lib/jvm/java-8-openjdk-amd64/jre/lib/amd64/libdt_socket.so
7faa30362000-7faa30365000 ---p 00000000 00:00 0 
7faa30365000-7faa30463000 rw-p 00000000 00:00 0 
7faa30463000-7faa30466000 ---p 00000000 00:00 0 
7faa30466000-7faa30564000 rw-p 00000000 00:00 0 
7faa30564000-7faa30567000 ---p 00000000 00:00 0 
7faa30567000-7faa30665000 rw-p 00000000 00:00 0 
7faa30665000-7faa30666000 ---p 00000000 00:00 0 
7faa30666000-7faa323aa000 rw-p 00000000 00:00 0 
7faa323aa000-7faa32578000 r--s 03c13000 08:01 25300501                   /usr/lib/jvm/java-8-openjdk-amd64/jre/lib/rt.jar
7faa32578000-7faa329f8000 rw-p 00000000 00:00 0 
7faa329f8000-7faa32d78000 ---p 00000000 00:00 0 
7faa32d78000-7faa3353c000 rw-p 00000000 00:00 0 
7faa3353c000-7faa3353d000 ---p 00000000 00:00 0 
7faa3353d000-7faa3363d000 rw-p 00000000 00:00 0 
7faa3363d000-7faa3363e000 ---p 00000000 00:00 0 
7faa3363e000-7faa3373e000 rw-p 00000000 00:00 0 
7faa3373e000-7faa3373f000 ---p 00000000 00:00 0 
7faa3373f000-7faa3383f000 rw-p 00000000 00:00 0 
7faa3383f000-7faa33840000 ---p 00000000 00:00 0 
7faa33840000-7faa33940000 rw-p 00000000 00:00 0 
7faa33940000-7faa33941000 ---p 00000000 00:00 0 
7faa33941000-7faa33a41000 rw-p 00000000 00:00 0 
7faa33a41000-7faa33a42000 ---p 00000000 00:00 0 
7faa33a42000-7faa33b42000 rw-p 00000000 00:00 0 
7faa33b42000-7faa33b43000 ---p 00000000 00:00 0 
7faa33b43000-7faa33c43000 rw-p 00000000 00:00 0 
7faa33c43000-7faa33c44000 ---p 00000000 00:00 0 
7faa33c44000-7faa34021000 rw-p 00000000 00:00 0 
7faa34021000-7faa34272000 ---p 00000000 00:00 0 
7faa34272000-7faa3454f000 rw-p 00000000 00:00 0 
7faa3454f000-7faa3479f000 ---p 00000000 00:00 0 
7faa3479f000-7faa349d3000 rw-p 00000000 00:00 0 
7faa349d3000-7faa34a36000 ---p 00000000 00:00 0 
7faa34a36000-7faa34a41000 rw-p 00000000 00:00 0 
7faa34a41000-7faa34df7000 ---p 00000000 00:00 0 
7faa34df7000-7faa35067000 rwxp 00000000 00:00 0 
7faa35067000-7faa43df7000 ---p 00000000 00:00 0 
7faa43df7000-7faa43dff000 r-xp 00000000 08:01 25300526                   /usr/lib/jvm/java-8-openjdk-amd64/jre/lib/amd64/libzip.so
7faa43dff000-7faa43ffe000 ---p 00008000 08:01 25300526                   /usr/lib/jvm/java-8-openjdk-amd64/jre/lib/amd64/libzip.so
7faa43ffe000-7faa43fff000 r--p 00007000 08:01 25300526                   /usr/lib/jvm/java-8-openjdk-amd64/jre/lib/amd64/libzip.so
7faa43fff000-7faa44000000 rw-p 00008000 08:01 25300526                   /usr/lib/jvm/java-8-openjdk-amd64/jre/lib/amd64/libzip.so
7faa44000000-7faa44844000 rw-p 00000000 00:00 0 
7faa44844000-7faa48000000 ---p 00000000 00:00 0 
7faa48000000-7faa48005000 r--s 0003b000 08:01 25300510                   /usr/lib/jvm/java-8-openjdk-amd64/jre/lib/ext/sunjce_provider.jar
7faa48005000-7faa480d6000 rw-p 00000000 00:00 0 
7faa480d6000-7faa480e1000 r-xp 00000000 08:01 15860831                   /lib/x86_64-linux-gnu/libnss_files-2.23.so
7faa480e1000-7faa482e0000 ---p 0000b000 08:01 15860831                   /lib/x86_64-linux-gnu/libnss_files-2.23.so
7faa482e0000-7faa482e1000 r--p 0000a000 08:01 15860831                   /lib/x86_64-linux-gnu/libnss_files-2.23.so
7faa482e1000-7faa482e2000 rw-p 0000b000 08:01 15860831                   /lib/x86_64-linux-gnu/libnss_files-2.23.so
7faa482e2000-7faa482e8000 rw-p 00000000 00:00 0 
7faa482e8000-7faa482f3000 r-xp 00000000 08:01 15863074                   /lib/x86_64-linux-gnu/libnss_nis-2.23.so
7faa482f3000-7faa484f2000 ---p 0000b000 08:01 15863074                   /lib/x86_64-linux-gnu/libnss_nis-2.23.so
7faa484f2000-7faa484f3000 r--p 0000a000 08:01 15863074                   /lib/x86_64-linux-gnu/libnss_nis-2.23.so
7faa484f3000-7faa484f4000 rw-p 0000b000 08:01 15863074                   /lib/x86_64-linux-gnu/libnss_nis-2.23.so
7faa484f4000-7faa4850a000 r-xp 00000000 08:01 15860746                   /lib/x86_64-linux-gnu/libnsl-2.23.so
7faa4850a000-7faa48709000 ---p 00016000 08:01 15860746                   /lib/x86_64-linux-gnu/libnsl-2.23.so
7faa48709000-7faa4870a000 r--p 00015000 08:01 15860746                   /lib/x86_64-linux-gnu/libnsl-2.23.so
7faa4870a000-7faa4870b000 rw-p 00016000 08:01 15860746                   /lib/x86_64-linux-gnu/libnsl-2.23.so
7faa4870b000-7faa4870d000 rw-p 00000000 00:00 0 
7faa4870d000-7faa48715000 r-xp 00000000 08:01 15863094                   /lib/x86_64-linux-gnu/libnss_compat-2.23.so
7faa48715000-7faa48914000 ---p 00008000 08:01 15863094                   /lib/x86_64-linux-gnu/libnss_compat-2.23.so
7faa48914000-7faa48915000 r--p 00007000 08:01 15863094                   /lib/x86_64-linux-gnu/libnss_compat-2.23.so
7faa48915000-7faa48916000 rw-p 00008000 08:01 15863094                   /lib/x86_64-linux-gnu/libnss_compat-2.23.so
7faa48916000-7faa48bee000 r--p 00000000 08:01 25297574                   /usr/lib/locale/locale-archive
7faa48bee000-7faa48bf0000 r-xp 00000000 08:01 25300537                   /usr/lib/jvm/java-8-openjdk-amd64/jre/lib/amd64/libnpt.so
7faa48bf0000-7faa48df0000 ---p 00002000 08:01 25300537                   /usr/lib/jvm/java-8-openjdk-amd64/jre/lib/amd64/libnpt.so
7faa48df0000-7faa48df1000 r--p 00002000 08:01 25300537                   /usr/lib/jvm/java-8-openjdk-amd64/jre/lib/amd64/libnpt.so
7faa48df1000-7faa48df2000 rw-p 00003000 08:01 25300537                   /usr/lib/jvm/java-8-openjdk-amd64/jre/lib/amd64/libnpt.so
7faa48df2000-7faa48e2d000 r-xp 00000000 08:01 25300530                   /usr/lib/jvm/java-8-openjdk-amd64/jre/lib/amd64/libjdwp.so
7faa48e2d000-7faa4902c000 ---p 0003b000 08:01 25300530                   /usr/lib/jvm/java-8-openjdk-amd64/jre/lib/amd64/libjdwp.so
7faa4902c000-7faa4902d000 r--p 0003a000 08:01 25300530                   /usr/lib/jvm/java-8-openjdk-amd64/jre/lib/amd64/libjdwp.so
7faa4902d000-7faa4902e000 rw-p 0003b000 08:01 25300530                   /usr/lib/jvm/java-8-openjdk-amd64/jre/lib/amd64/libjdwp.so
7faa4902e000-7faa4905b000 r-xp 00000000 08:01 25300541                   /usr/lib/jvm/java-8-openjdk-amd64/jre/lib/amd64/libjava.so
7faa4905b000-7faa4925a000 ---p 0002d000 08:01 25300541                   /usr/lib/jvm/java-8-openjdk-amd64/jre/lib/amd64/libjava.so
7faa4925a000-7faa4925b000 r--p 0002c000 08:01 25300541                   /usr/lib/jvm/java-8-openjdk-amd64/jre/lib/amd64/libjava.so
7faa4925b000-7faa4925d000 rw-p 0002d000 08:01 25300541                   /usr/lib/jvm/java-8-openjdk-amd64/jre/lib/amd64/libjava.so
7faa4925d000-7faa4926c000 r-xp 00000000 08:01 25300520                   /usr/lib/jvm/java-8-openjdk-amd64/jre/lib/amd64/libverify.so
7faa4926c000-7faa4946b000 ---p 0000f000 08:01 25300520                   /usr/lib/jvm/java-8-openjdk-amd64/jre/lib/amd64/libverify.so
7faa4946b000-7faa4946d000 r--p 0000e000 08:01 25300520                   /usr/lib/jvm/java-8-openjdk-amd64/jre/lib/amd64/libverify.so
7faa4946d000-7faa4946e000 rw-p 00010000 08:01 25300520                   /usr/lib/jvm/java-8-openjdk-amd64/jre/lib/amd64/libverify.so
7faa4946e000-7faa49475000 r-xp 00000000 08:01 15863082                   /lib/x86_64-linux-gnu/librt-2.23.so
7faa49475000-7faa49674000 ---p 00007000 08:01 15863082                   /lib/x86_64-linux-gnu/librt-2.23.so
7faa49674000-7faa49675000 r--p 00006000 08:01 15863082                   /lib/x86_64-linux-gnu/librt-2.23.so
7faa49675000-7faa49676000 rw-p 00007000 08:01 15863082                   /lib/x86_64-linux-gnu/librt-2.23.so
7faa49676000-7faa4968c000 r-xp 00000000 08:01 15864207                   /lib/x86_64-linux-gnu/libgcc_s.so.1
7faa4968c000-7faa4988b000 ---p 00016000 08:01 15864207                   /lib/x86_64-linux-gnu/libgcc_s.so.1
7faa4988b000-7faa4988c000 rw-p 00015000 08:01 15864207                   /lib/x86_64-linux-gnu/libgcc_s.so.1
7faa4988c000-7faa49994000 r-xp 00000000 08:01 15863104                   /lib/x86_64-linux-gnu/libm-2.23.so
7faa49994000-7faa49b93000 ---p 00108000 08:01 15863104                   /lib/x86_64-linux-gnu/libm-2.23.so
7faa49b93000-7faa49b94000 r--p 00107000 08:01 15863104                   /lib/x86_64-linux-gnu/libm-2.23.so
7faa49b94000-7faa49b95000 rw-p 00108000 08:01 15863104                   /lib/x86_64-linux-gnu/libm-2.23.so
7faa49b95000-7faa49d07000 r-xp 00000000 08:01 25304928                   /usr/lib/x86_64-linux-gnu/libstdc++.so.6.0.21
7faa49d07000-7faa49f07000 ---p 00172000 08:01 25304928                   /usr/lib/x86_64-linux-gnu/libstdc++.so.6.0.21
7faa49f07000-7faa49f11000 r--p 00172000 08:01 25304928                   /usr/lib/x86_64-linux-gnu/libstdc++.so.6.0.21
7faa49f11000-7faa49f13000 rw-p 0017c000 08:01 25304928                   /usr/lib/x86_64-linux-gnu/libstdc++.so.6.0.21
7faa49f13000-7faa49f17000 rw-p 00000000 00:00 0 
7faa49f17000-7faa4ab6b000 r-xp 00000000 08:01 25300525                   /usr/lib/jvm/java-8-openjdk-amd64/jre/lib/amd64/server/libjvm.so
7faa4ab6b000-7faa4ad6b000 ---p 00c54000 08:01 25300525                   /usr/lib/jvm/java-8-openjdk-amd64/jre/lib/amd64/server/libjvm.so
7faa4ad6b000-7faa4adfe000 r--p 00c54000 08:01 25300525                   /usr/lib/jvm/java-8-openjdk-amd64/jre/lib/amd64/server/libjvm.so
7faa4adfe000-7faa4ae27000 rw-p 00ce7000 08:01 25300525                   /usr/lib/jvm/java-8-openjdk-amd64/jre/lib/amd64/server/libjvm.so
7faa4ae27000-7faa4ae57000 rw-p 00000000 00:00 0 
7faa4ae57000-7faa4ae6f000 r-xp 00000000 08:01 15863070                   /lib/x86_64-linux-gnu/libpthread-2.23.so
7faa4ae6f000-7faa4b06e000 ---p 00018000 08:01 15863070                   /lib/x86_64-linux-gnu/libpthread-2.23.so
7faa4b06e000-7faa4b06f000 r--p 00017000 08:01 15863070                   /lib/x86_64-linux-gnu/libpthread-2.23.so
7faa4b06f000-7faa4b070000 rw-p 00018000 08:01 15863070                   /lib/x86_64-linux-gnu/libpthread-2.23.so
7faa4b070000-7faa4b074000 rw-p 00000000 00:00 0 
7faa4b074000-7faa4b077000 r-xp 00000000 08:01 15863092                   /lib/x86_64-linux-gnu/libdl-2.23.so
7faa4b077000-7faa4b276000 ---p 00003000 08:01 15863092                   /lib/x86_64-linux-gnu/libdl-2.23.so
7faa4b276000-7faa4b277000 r--p 00002000 08:01 15863092                   /lib/x86_64-linux-gnu/libdl-2.23.so
7faa4b277000-7faa4b278000 rw-p 00003000 08:01 15863092                   /lib/x86_64-linux-gnu/libdl-2.23.so
7faa4b278000-7faa4b291000 r-xp 00000000 08:01 15859745                   /lib/x86_64-linux-gnu/libz.so.1.2.8
7faa4b291000-7faa4b490000 ---p 00019000 08:01 15859745                   /lib/x86_64-linux-gnu/libz.so.1.2.8
7faa4b490000-7faa4b491000 r--p 00018000 08:01 15859745                   /lib/x86_64-linux-gnu/libz.so.1.2.8
7faa4b491000-7faa4b492000 rw-p 00019000 08:01 15859745                   /lib/x86_64-linux-gnu/libz.so.1.2.8
7faa4b492000-7faa4b652000 r-xp 00000000 08:01 15863111                   /lib/x86_64-linux-gnu/libc-2.23.so
7faa4b652000-7faa4b852000 ---p 001c0000 08:01 15863111                   /lib/x86_64-linux-gnu/libc-2.23.so
7faa4b852000-7faa4b856000 r--p 001c0000 08:01 15863111                   /lib/x86_64-linux-gnu/libc-2.23.so
7faa4b856000-7faa4b858000 rw-p 001c4000 08:01 15863111                   /lib/x86_64-linux-gnu/libc-2.23.so
7faa4b858000-7faa4b85c000 rw-p 00000000 00:00 0 
7faa4b85c000-7faa4b869000 r-xp 00000000 08:01 25300518                   /usr/lib/jvm/java-8-openjdk-amd64/jre/lib/amd64/jli/libjli.so
7faa4b869000-7faa4ba69000 ---p 0000d000 08:01 25300518                   /usr/lib/jvm/java-8-openjdk-amd64/jre/lib/amd64/jli/libjli.so
7faa4ba69000-7faa4ba6a000 r--p 0000d000 08:01 25300518                   /usr/lib/jvm/java-8-openjdk-amd64/jre/lib/amd64/jli/libjli.so
7faa4ba6a000-7faa4ba6b000 rw-p 0000e000 08:01 25300518                   /usr/lib/jvm/java-8-openjdk-amd64/jre/lib/amd64/jli/libjli.so
7faa4ba6b000-7faa4ba91000 r-xp 00000000 08:01 15860814                   /lib/x86_64-linux-gnu/ld-2.23.so
7faa4ba91000-7faa4ba92000 r--s 00000000 08:01 25300613                   /usr/lib/jvm/java-8-openjdk-amd64/jre/lib/management-agent.jar
7faa4ba92000-7faa4ba93000 r--s 0000a000 08:01 25300509                   /usr/lib/jvm/java-8-openjdk-amd64/jre/lib/ext/jaccess.jar
7faa4ba93000-7faa4ba95000 r--s 00008000 08:01 25300512                   /usr/lib/jvm/java-8-openjdk-amd64/jre/lib/ext/sunec.jar
7faa4ba95000-7faa4ba96000 r--s 00010000 08:01 25300513                   /usr/lib/jvm/java-8-openjdk-amd64/jre/lib/ext/zipfs.jar
7faa4ba96000-7faa4ba9a000 r--s 00037000 08:01 25300507                   /usr/lib/jvm/java-8-openjdk-amd64/jre/lib/ext/sunpkcs11.jar
7faa4ba9a000-7faa4bb5e000 rw-p 00000000 00:00 0 
7faa4bb5e000-7faa4bb61000 ---p 00000000 00:00 0 
7faa4bb61000-7faa4bc64000 rw-p 00000000 00:00 0 
7faa4bc64000-7faa4bc66000 r--s 00001000 08:01 25300508                   /usr/lib/jvm/java-8-openjdk-amd64/jre/lib/ext/dnsns.jar
7faa4bc66000-7faa4bc69000 r--s 0000f000 08:01 25300511                   /usr/lib/jvm/java-8-openjdk-amd64/jre/lib/ext/icedtea-sound.jar
7faa4bc69000-7faa4bc84000 r--s 00394000 08:01 25300503                   /usr/lib/jvm/java-8-openjdk-amd64/jre/lib/ext/cldrdata.jar
7faa4bc84000-7faa4bc8c000 rw-s 00000000 08:01 262322                     /tmp/hsperfdata_abhishek/25533
7faa4bc8c000-7faa4bc8d000 rw-p 00000000 00:00 0 
7faa4bc8d000-7faa4bc8e000 ---p 00000000 00:00 0 
7faa4bc8e000-7faa4bc90000 rw-p 00000000 00:00 0 
7faa4bc90000-7faa4bc91000 r--p 00025000 08:01 15860814                   /lib/x86_64-linux-gnu/ld-2.23.so
7faa4bc91000-7faa4bc92000 rw-p 00026000 08:01 15860814                   /lib/x86_64-linux-gnu/ld-2.23.so
7faa4bc92000-7faa4bc93000 rw-p 00000000 00:00 0 
7ffc46d05000-7ffc46d29000 rw-p 00000000 00:00 0                          [stack]
7ffc46d6c000-7ffc46d6e000 r--p 00000000 00:00 0                          [vvar]
7ffc46d6e000-7ffc46d70000 r-xp 00000000 00:00 0                          [vdso]
ffffffffff600000-ffffffffff601000 r-xp 00000000 00:00 0                  [vsyscall]

VM Arguments:
jvm_args: -agentlib:jdwp=transport=dt_socket,address=127.0.0.1:45438,suspend=y,server=n -Dfile.encoding=UTF-8 
java_command: yagocheck
java_class_path (initial): /usr/lib/jvm/java-1.8.0-openjdk-amd64/jre/lib/charsets.jar:/usr/lib/jvm/java-1.8.0-openjdk-amd64/jre/lib/ext/cldrdata.jar:/usr/lib/jvm/java-1.8.0-openjdk-amd64/jre/lib/ext/dnsns.jar:/usr/lib/jvm/java-1.8.0-openjdk-amd64/jre/lib/ext/icedtea-sound.jar:/usr/lib/jvm/java-1.8.0-openjdk-amd64/jre/lib/ext/jaccess.jar:/usr/lib/jvm/java-1.8.0-openjdk-amd64/jre/lib/ext/localedata.jar:/usr/lib/jvm/java-1.8.0-openjdk-amd64/jre/lib/ext/nashorn.jar:/usr/lib/jvm/java-1.8.0-openjdk-amd64/jre/lib/ext/sunec.jar:/usr/lib/jvm/java-1.8.0-openjdk-amd64/jre/lib/ext/sunjce_provider.jar:/usr/lib/jvm/java-1.8.0-openjdk-amd64/jre/lib/ext/sunpkcs11.jar:/usr/lib/jvm/java-1.8.0-openjdk-amd64/jre/lib/ext/zipfs.jar:/usr/lib/jvm/java-1.8.0-openjdk-amd64/jre/lib/jce.jar:/usr/lib/jvm/java-1.8.0-openjdk-amd64/jre/lib/jsse.jar:/usr/lib/jvm/java-1.8.0-openjdk-amd64/jre/lib/management-agent.jar:/usr/lib/jvm/java-1.8.0-openjdk-amd64/jre/lib/resources.jar:/usr/lib/jvm/java-1.8.0-openjdk-amd64/jre/lib/rt.jar:/media/abhishek/DataStore/Projects/cs635m/target/classes:/home/abhishek/.m2/repository/org/apache/jena/jena-tdb/3.4.0/jena-tdb-3.4.0.jar:/home/abhishek/.m2/repository/org/apache/jena/jena-arq/3.4.0/jena-arq-3.4.0.jar:/home/abhishek/.m2/repository/org/apache/httpcomponents/httpclient/4.5.3/httpclient-4.5.3.jar:/home/abhishek/.m2/repository/org/apache/httpcomponents/httpcore/4.4.6/httpcore-4.4.6.jar:/home/abhishek/.m2/repository/com/github/jsonld-java/jsonld-java/0.10.0/jsonld-java-0.10.0.jar:/home/abhishek/.m2/repository/com/fasterxml/jackson/core/jackson-core/2.8.6/jackson-core-2.8.6.jar:/home/abhishek/.m2/repository/com/fasterxml/jackson/core/jackson-databind/2.8.6/jackson-databind-2.8.6.jar:/home/abhishek/.m2/repository/com/fasterxml/jackson/core/jackson-annotations/2.8.0/jackson-annotations-2.8.0.jar:/home/abhishek/.m2/repository/org/apache/httpcomponents/httpclient-cache/4.5.3/httpclient-cache-4.5.3.jar:/home/abhishek/.m2/repository/org/apache/thrift/libthrift/0.9.3/libt
Launcher Type: SUN_STANDARD

Environment Variables:
PATH=/usr/local/sbin:/usr/local/bin:/usr/sbin:/usr/bin:/sbin:/bin:/usr/games:/usr/local/games:/snap/bin
USERNAME=abhishek
LD_LIBRARY_PATH=/media/abhishek/DataStore/Downloads/idea-IU-172.3757.52/bin:
SHELL=/bin/bash
DISPLAY=:1

Signal Handlers:
SIGSEGV: [libjvm.so+0xa6ad10], sa_mask[0]=11111111011111111101111111111110, sa_flags=SA_RESTART|SA_SIGINFO
SIGBUS: [libjvm.so+0xa6ad10], sa_mask[0]=11111111011111111101111111111110, sa_flags=SA_RESTART|SA_SIGINFO
SIGFPE: [libjvm.so+0x8b3bc0], sa_mask[0]=11111111011111111101111111111110, sa_flags=SA_RESTART|SA_SIGINFO
SIGPIPE: [libjvm.so+0x8b3bc0], sa_mask[0]=11111111011111111101111111111110, sa_flags=SA_RESTART|SA_SIGINFO
SIGXFSZ: [libjvm.so+0x8b3bc0], sa_mask[0]=11111111011111111101111111111110, sa_flags=SA_RESTART|SA_SIGINFO
SIGILL: [libjvm.so+0x8b3bc0], sa_mask[0]=11111111011111111101111111111110, sa_flags=SA_RESTART|SA_SIGINFO
SIGUSR1: SIG_DFL, sa_mask[0]=00000000000000000000000000000000, sa_flags=none
SIGUSR2: [libjvm.so+0x8b3a70], sa_mask[0]=00100000000000000000000000000000, sa_flags=SA_RESTART|SA_SIGINFO
SIGHUP: [libjvm.so+0x8b3f40], sa_mask[0]=11111111011111111101111111111110, sa_flags=SA_RESTART|SA_SIGINFO
SIGINT: [libjvm.so+0x8b3f40], sa_mask[0]=11111111011111111101111111111110, sa_flags=SA_RESTART|SA_SIGINFO
SIGTERM: [libjvm.so+0x8b3f40], sa_mask[0]=11111111011111111101111111111110, sa_flags=SA_RESTART|SA_SIGINFO
SIGQUIT: [libjvm.so+0x8b3f40], sa_mask[0]=11111111011111111101111111111110, sa_flags=SA_RESTART|SA_SIGINFO


---------------  S Y S T E M  ---------------

OS:DISTRIB_ID=Ubuntu
DISTRIB_RELEASE=16.04
DISTRIB_CODENAME=xenial
DISTRIB_DESCRIPTION="Ubuntu 16.04.2 LTS"

uname:Linux 4.4.0-92-generic #115-Ubuntu SMP Thu Aug 10 09:04:33 UTC 2017 x86_64
libc:glibc 2.23 NPTL 2.23 
rlimit: STACK 8192k, CORE 0k, NPROC 63449, NOFILE 1048576, AS infinity
load average:23.82 13.97 8.96

/proc/meminfo:
MemTotal:       16283900 kB
MemFree:          435736 kB
MemAvailable:     373288 kB
Buffers:            2656 kB
Cached:          1206944 kB
SwapCached:            0 kB
Active:         14376480 kB
Inactive:        1105172 kB
Active(anon):   14373084 kB
Inactive(anon):   992956 kB
Active(file):       3396 kB
Inactive(file):   112216 kB
Unevictable:         912 kB
Mlocked:             912 kB
SwapTotal:             0 kB
SwapFree:              0 kB
Dirty:              2720 kB
Writeback:             0 kB
AnonPages:      14273336 kB
Mapped:           604320 kB
Shmem:           1093740 kB
Slab:             164072 kB
SReclaimable:      94024 kB
SUnreclaim:        70048 kB
KernelStack:       19200 kB
PageTables:        92788 kB
NFS_Unstable:          0 kB
Bounce:                0 kB
WritebackTmp:          0 kB
CommitLimit:     8141948 kB
Committed_AS:   24519284 kB
VmallocTotal:   34359738367 kB
VmallocUsed:           0 kB
VmallocChunk:          0 kB
HardwareCorrupted:     0 kB
AnonHugePages:   4386816 kB
CmaTotal:              0 kB
CmaFree:               0 kB
HugePages_Total:       0
HugePages_Free:        0
HugePages_Rsvd:        0
HugePages_Surp:        0
Hugepagesize:       2048 kB
DirectMap4k:      306488 kB
DirectMap2M:    14225408 kB
DirectMap1G:     3145728 kB


CPU:total 8 (initial active 8) (4 cores per cpu, 2 threads per core) family 6 model 60 stepping 3, cmov, cx8, fxsr, mmx, sse, sse2, sse3, ssse3, sse4.1, sse4.2, popcnt, avx, avx2, aes, clmul, erms, lzcnt, ht, tsc, tscinvbit, bmi1, bmi2

/proc/cpuinfo:
processor	: 0
vendor_id	: GenuineIntel
cpu family	: 6
model		: 60
model name	: Intel(R) Core(TM) i7-4790K CPU @ 4.00GHz
stepping	: 3
microcode	: 0x1e
cpu MHz		: 4200.000
cache size	: 8192 KB
physical id	: 0
siblings	: 8
core id		: 0
cpu cores	: 4
apicid		: 0
initial apicid	: 0
fpu		: yes
fpu_exception	: yes
cpuid level	: 13
wp		: yes
flags		: fpu vme de pse tsc msr pae mce cx8 apic sep mtrr pge mca cmov pat pse36 clflush dts acpi mmx fxsr sse sse2 ss ht tm pbe syscall nx pdpe1gb rdtscp lm constant_tsc arch_perfmon pebs bts rep_good nopl xtopology nonstop_tsc aperfmperf eagerfpu pni pclmulqdq dtes64 monitor ds_cpl vmx est tm2 ssse3 sdbg fma cx16 xtpr pdcm pcid sse4_1 sse4_2 x2apic movbe popcnt tsc_deadline_timer aes xsave avx f16c rdrand lahf_lm abm tpr_shadow vnmi flexpriority ept vpid fsgsbase tsc_adjust bmi1 avx2 smep bmi2 erms invpcid xsaveopt dtherm ida arat pln pts
bugs		:
bogomips	: 7981.60
clflush size	: 64
cache_alignment	: 64
address sizes	: 39 bits physical, 48 bits virtual
power management:

processor	: 1
vendor_id	: GenuineIntel
cpu family	: 6
model		: 60
model name	: Intel(R) Core(TM) i7-4790K CPU @ 4.00GHz
stepping	: 3
microcode	: 0x1e
cpu MHz		: 4200.000
cache size	: 8192 KB
physical id	: 0
siblings	: 8
core id		: 1
cpu cores	: 4
apicid		: 2
initial apicid	: 2
fpu		: yes
fpu_exception	: yes
cpuid level	: 13
wp		: yes
flags		: fpu vme de pse tsc msr pae mce cx8 apic sep mtrr pge mca cmov pat pse36 clflush dts acpi mmx fxsr sse sse2 ss ht tm pbe syscall nx pdpe1gb rdtscp lm constant_tsc arch_perfmon pebs bts rep_good nopl xtopology nonstop_tsc aperfmperf eagerfpu pni pclmulqdq dtes64 monitor ds_cpl vmx est tm2 ssse3 sdbg fma cx16 xtpr pdcm pcid sse4_1 sse4_2 x2apic movbe popcnt tsc_deadline_timer aes xsave avx f16c rdrand lahf_lm abm tpr_shadow vnmi flexpriority ept vpid fsgsbase tsc_adjust bmi1 avx2 smep bmi2 erms invpcid xsaveopt dtherm ida arat pln pts
bugs		:
bogomips	: 7981.60
clflush size	: 64
cache_alignment	: 64
address sizes	: 39 bits physical, 48 bits virtual
power management:

processor	: 2
vendor_id	: GenuineIntel
cpu family	: 6
model		: 60
model name	: Intel(R) Core(TM) i7-4790K CPU @ 4.00GHz
stepping	: 3
microcode	: 0x1e
cpu MHz		: 4200.000
cache size	: 8192 KB
physical id	: 0
siblings	: 8
core id		: 2
cpu cores	: 4
apicid		: 4
initial apicid	: 4
fpu		: yes
fpu_exception	: yes
cpuid level	: 13
wp		: yes
flags		: fpu vme de pse tsc msr pae mce cx8 apic sep mtrr pge mca cmov pat pse36 clflush dts acpi mmx fxsr sse sse2 ss ht tm pbe syscall nx pdpe1gb rdtscp lm constant_tsc arch_perfmon pebs bts rep_good nopl xtopology nonstop_tsc aperfmperf eagerfpu pni pclmulqdq dtes64 monitor ds_cpl vmx est tm2 ssse3 sdbg fma cx16 xtpr pdcm pcid sse4_1 sse4_2 x2apic movbe popcnt tsc_deadline_timer aes xsave avx f16c rdrand lahf_lm abm tpr_shadow vnmi flexpriority ept vpid fsgsbase tsc_adjust bmi1 avx2 smep bmi2 erms invpcid xsaveopt dtherm ida arat pln pts
bugs		:
bogomips	: 7981.60
clflush size	: 64
cache_alignment	: 64
address sizes	: 39 bits physical, 48 bits virtual
power management:

processor	: 3
vendor_id	: GenuineIntel
cpu family	: 6
model		: 60
model name	: Intel(R) Core(TM) i7-4790K CPU @ 4.00GHz
stepping	: 3
microcode	: 0x1e
cpu MHz		: 4199.843
cache size	: 8192 KB
physical id	: 0
siblings	: 8
core id		: 3
cpu cores	: 4
apicid		: 6
initial apicid	: 6
fpu		: yes
fpu_exception	: yes
cpuid level	: 13
wp		: yes
flags		: fpu vme de pse tsc msr pae mce cx8 apic sep mtrr pge mca cmov pat pse36 clflush dts acpi mmx fxsr sse sse2 ss ht tm pbe syscall nx pdpe1gb rdtscp lm constant_tsc arch_perfmon pebs bts rep_good nopl xtopology nonstop_tsc aperfmperf eagerfpu pni pclmulqdq dtes64 monitor ds_cpl vmx est tm2 ssse3 sdbg fma cx16 xtpr pdcm pcid sse4_1 sse4_2 x2apic movbe popcnt tsc_deadline_timer aes xsave avx f16c rdrand lahf_lm abm tpr_shadow vnmi flexpriority ept vpid fsgsbase tsc_adjust bmi1 avx2 smep bmi2 erms invpcid xsaveopt dtherm ida arat pln pts
bugs		:
bogomips	: 7981.60
clflush size	: 64
cache_alignment	: 64
address sizes	: 39 bits physical, 48 bits virtual
power management:

processor	: 4
vendor_id	: GenuineIntel
cpu family	: 6
model		: 60
model name	: Intel(R) Core(TM) i7-4790K CPU @ 4.00GHz
stepping	: 3
microcode	: 0x1e
cpu MHz		: 4199.843
cache size	: 8192 KB
physical id	: 0
siblings	: 8
core id		: 0
cpu cores	: 4
apicid		: 1
initial apicid	: 1
fpu		: yes
fpu_exception	: yes
cpuid level	: 13
wp		: yes
flags		: fpu vme de pse tsc msr pae mce cx8 apic sep mtrr pge mca cmov pat pse36 clflush dts acpi mmx fxsr sse sse2 ss ht tm pbe syscall nx pdpe1gb rdtscp lm constant_tsc arch_perfmon pebs bts rep_good nopl xtopology nonstop_tsc aperfmperf eagerfpu pni pclmulqdq dtes64 monitor ds_cpl vmx est tm2 ssse3 sdbg fma cx16 xtpr pdcm pcid sse4_1 sse4_2 x2apic movbe popcnt tsc_deadline_timer aes xsave avx f16c rdrand lahf_lm abm tpr_shadow vnmi flexpriority ept vpid fsgsbase tsc_adjust bmi1 avx2 smep bmi2 erms invpcid xsaveopt dtherm ida arat pln pts
bugs		:
bogomips	: 7981.60
clflush size	: 64
cache_alignment	: 64
address sizes	: 39 bits physical, 48 bits virtual
power management:

processor	: 5
vendor_id	: GenuineIntel
cpu family	: 6
model		: 60
model name	: Intel(R) Core(TM) i7-4790K CPU @ 4.00GHz
stepping	: 3
microcode	: 0x1e
cpu MHz		: 4199.843
cache size	: 8192 KB
physical id	: 0
siblings	: 8
core id		: 1
cpu cores	: 4
apicid		: 3
initial apicid	: 3
fpu		: yes
fpu_exception	: yes
cpuid level	: 13
wp		: yes
flags		: fpu vme de pse tsc msr pae mce cx8 apic sep mtrr pge mca cmov pat pse36 clflush dts acpi mmx fxsr sse sse2 ss ht tm pbe syscall nx pdpe1gb rdtscp lm constant_tsc arch_perfmon pebs bts rep_good nopl xtopology nonstop_tsc aperfmperf eagerfpu pni pclmulqdq dtes64 monitor ds_cpl vmx est tm2 ssse3 sdbg fma cx16 xtpr pdcm pcid sse4_1 sse4_2 x2apic movbe popcnt tsc_deadline_timer aes xsave avx f16c rdrand lahf_lm abm tpr_shadow vnmi flexpriority ept vpid fsgsbase tsc_adjust bmi1 avx2 smep bmi2 erms invpcid xsaveopt dtherm ida arat pln pts
bugs		:
bogomips	: 7981.60
clflush size	: 64
cache_alignment	: 64
address sizes	: 39 bits physical, 48 bits virtual
power management:

processor	: 6
vendor_id	: GenuineIntel
cpu family	: 6
model		: 60
model name	: Intel(R) Core(TM) i7-4790K CPU @ 4.00GHz
stepping	: 3
microcode	: 0x1e
cpu MHz		: 4199.843
cache size	: 8192 KB
physical id	: 0
siblings	: 8
core id		: 2
cpu cores	: 4
apicid		: 5
initial apicid	: 5
fpu		: yes
fpu_exception	: yes
cpuid level	: 13
wp		: yes
flags		: fpu vme de pse tsc msr pae mce cx8 apic sep mtrr pge mca cmov pat pse36 clflush dts acpi mmx fxsr sse sse2 ss ht tm pbe syscall nx pdpe1gb rdtscp lm constant_tsc arch_perfmon pebs bts rep_good nopl xtopology nonstop_tsc aperfmperf eagerfpu pni pclmulqdq dtes64 monitor ds_cpl vmx est tm2 ssse3 sdbg fma cx16 xtpr pdcm pcid sse4_1 sse4_2 x2apic movbe popcnt tsc_deadline_timer aes xsave avx f16c rdrand lahf_lm abm tpr_shadow vnmi flexpriority ept vpid fsgsbase tsc_adjust bmi1 avx2 smep bmi2 erms invpcid xsaveopt dtherm ida arat pln pts
bugs		:
bogomips	: 7981.60
clflush size	: 64
cache_alignment	: 64
address sizes	: 39 bits physical, 48 bits virtual
power management:

processor	: 7
vendor_id	: GenuineIntel
cpu family	: 6
model		: 60
model name	: Intel(R) Core(TM) i7-4790K CPU @ 4.00GHz
stepping	: 3
microcode	: 0x1e
cpu MHz		: 4200.000
cache size	: 8192 KB
physical id	: 0
siblings	: 8
core id		: 3
cpu cores	: 4
apicid		: 7
initial apicid	: 7
fpu		: yes
fpu_exception	: yes
cpuid level	: 13
wp		: yes
flags		: fpu vme de pse tsc msr pae mce cx8 apic sep mtrr pge mca cmov pat pse36 clflush dts acpi mmx fxsr sse sse2 ss ht tm pbe syscall nx pdpe1gb rdtscp lm constant_tsc arch_perfmon pebs bts rep_good nopl xtopology nonstop_tsc aperfmperf eagerfpu pni pclmulqdq dtes64 monitor ds_cpl vmx est tm2 ssse3 sdbg fma cx16 xtpr pdcm pcid sse4_1 sse4_2 x2apic movbe popcnt tsc_deadline_timer aes xsave avx f16c rdrand lahf_lm abm tpr_shadow vnmi flexpriority ept vpid fsgsbase tsc_adjust bmi1 avx2 smep bmi2 erms invpcid xsaveopt dtherm ida arat pln pts
bugs		:
bogomips	: 7981.60
clflush size	: 64
cache_alignment	: 64
address sizes	: 39 bits physical, 48 bits virtual
power management:



Memory: 4k page, physical 16283900k(435736k free), swap 0k(0k free)

vm_info: OpenJDK 64-Bit Server VM (25.131-b11) for linux-amd64 JRE (1.8.0_131-8u131-b11-2ubuntu1.16.04.3-b11), built on Jul 28 2017 01:23:32 by "buildd" with gcc 5.4.0 20160609

time: Sat Aug 26 19:58:44 2017
elapsed time: 41 seconds (0d 0h 0m 41s)

